# JRE version: Java(TM) SE Runtime Environment (8.0_241-b07) (build 1.8.0_241-b07)
# Java VM: Java HotSpot(TM) 64-Bit Server VM (25.241-b07 mixed mode linux-amd64 compressed oops)
Heap:
 PSYoungGen      total 568832K, used 8777K [0x00000000d5580000, 0x00000000fb600000, 0x0000000100000000)
  eden space 514560K, 0% used [0x00000000d5580000,0x00000000d5580000,0x00000000f4c00000)
  from space 54272K, 16% used [0x00000000f4c00000,0x00000000f5492710,0x00000000f8100000)
  to   space 51200K, 0% used [0x00000000f8100000,0x00000000f8100000,0x00000000fb300000)
 ParOldGen       total 226816K, used 163198K [0x0000000080000000, 0x000000008dd80000, 0x00000000d5580000)
  object space 226816K, 71% used [0x0000000080000000,0x0000000089f5f8c0,0x000000008dd80000)
 Metaspace       used 90136K, capacity 94718K, committed 94976K, reserved 1130496K
  class space    used 12528K, capacity 13470K, committed 13568K, reserved 1048576K
GC Heap History (10 events):
Event: 13.529 GC heap after
Heap after GC invocations=13 (full 3):
 PSYoungGen      total 285184K, used 19577K [0x00000000d5580000, 0x00000000e8a00000, 0x0000000100000000)
  eden space 264704K, 0% used [0x00000000d5580000,0x00000000d5580000,0x00000000e5800000)
  from space 20480K, 95% used [0x00000000e7600000,0x00000000e891e488,0x00000000e8a00000)
  to   space 25600K, 0% used [0x00000000e5800000,0x00000000e5800000,0x00000000e7100000)
 ParOldGen       total 226816K, used 39181K [0x0000000080000000, 0x000000008dd80000, 0x00000000d5580000)
  object space 226816K, 17% used [0x0000000080000000,0x00000000826437f8,0x000000008dd80000)
 Metaspace       used 63572K, capacity 66250K, committed 66304K, reserved 1105920K
  class space    used 8902K, capacity 9440K, committed 9472K, reserved 1048576K
}
Event: 17.154 GC heap before
{Heap before GC invocations=14 (full 3):
 PSYoungGen      total 285184K, used 284281K [0x00000000d5580000, 0x00000000e8a00000, 0x0000000100000000)
  eden space 264704K, 100% used [0x00000000d5580000,0x00000000e5800000,0x00000000e5800000)
  from space 20480K, 95% used [0x00000000e7600000,0x00000000e891e488,0x00000000e8a00000)
  to   space 25600K, 0% used [0x00000000e5800000,0x00000000e5800000,0x00000000e7100000)
 ParOldGen       total 226816K, used 39181K [0x0000000080000000, 0x000000008dd80000, 0x00000000d5580000)
  object space 226816K, 17% used [0x0000000080000000,0x00000000826437f8,0x000000008dd80000)
 Metaspace       used 70042K, capacity 72918K, committed 73088K, reserved 1112064K
  class space    used 9694K, capacity 10288K, committed 10368K, reserved 1048576K
Event: 17.193 GC heap after
Heap after GC invocations=14 (full 3):
 PSYoungGen      total 290304K, used 17114K [0x00000000d5580000, 0x00000000efc80000, 0x0000000100000000)
  eden space 264704K, 0% used [0x00000000d5580000,0x00000000d5580000,0x00000000e5800000)
  from space 25600K, 66% used [0x00000000e5800000,0x00000000e68b6b08,0x00000000e7100000)
  to   space 25600K, 0% used [0x00000000ee380000,0x00000000ee380000,0x00000000efc80000)
 ParOldGen       total 226816K, used 51728K [0x0000000080000000, 0x000000008dd80000, 0x00000000d5580000)
  object space 226816K, 22% used [0x0000000080000000,0x0000000083284188,0x000000008dd80000)
 Metaspace       used 70042K, capacity 72918K, committed 73088K, reserved 1112064K
  class space    used 9694K, capacity 10288K, committed 10368K, reserved 1048576K
}
Event: 28.396 GC heap before
{Heap before GC invocations=15 (full 3):
 PSYoungGen      total 290304K, used 281818K [0x00000000d5580000, 0x00000000efc80000, 0x0000000100000000)
  eden space 264704K, 100% used [0x00000000d5580000,0x00000000e5800000,0x00000000e5800000)
  from space 25600K, 66% used [0x00000000e5800000,0x00000000e68b6b08,0x00000000e7100000)
  to   space 25600K, 0% used [0x00000000ee380000,0x00000000ee380000,0x00000000efc80000)
 ParOldGen       total 226816K, used 51728K [0x0000000080000000, 0x000000008dd80000, 0x00000000d5580000)
  object space 226816K, 22% used [0x0000000080000000,0x0000000083284188,0x000000008dd80000)
 Metaspace       used 84134K, capacity 87986K, committed 88192K, reserved 1124352K
  class space    used 11789K, capacity 12638K, committed 12672K, reserved 1048576K
Event: 28.444 GC heap after
Heap after GC invocations=15 (full 3):
 PSYoungGen      total 398848K, used 25579K [0x00000000d5580000, 0x00000000f0300000, 0x0000000100000000)
  eden space 373248K, 0% used [0x00000000d5580000,0x00000000d5580000,0x00000000ec200000)
  from space 25600K, 99% used [0x00000000ee380000,0x00000000efc7af68,0x00000000efc80000)
  to   space 33280K, 0% used [0x00000000ec200000,0x00000000ec200000,0x00000000ee280000)
 ParOldGen       total 226816K, used 64082K [0x0000000080000000, 0x000000008dd80000, 0x00000000d5580000)
  object space 226816K, 28% used [0x0000000080000000,0x0000000083e94a80,0x000000008dd80000)
 Metaspace       used 84134K, capacity 87986K, committed 88192K, reserved 1124352K
  class space    used 11789K, capacity 12638K, committed 12672K, reserved 1048576K
}
Event: 30.584 GC heap before
{Heap before GC invocations=16 (full 3):
 PSYoungGen      total 398848K, used 398827K [0x00000000d5580000, 0x00000000f0300000, 0x0000000100000000)
  eden space 373248K, 100% used [0x00000000d5580000,0x00000000ec200000,0x00000000ec200000)
  from space 25600K, 99% used [0x00000000ee380000,0x00000000efc7af68,0x00000000efc80000)
  to   space 33280K, 0% used [0x00000000ec200000,0x00000000ec200000,0x00000000ee280000)
 ParOldGen       total 226816K, used 64082K [0x0000000080000000, 0x000000008dd80000, 0x00000000d5580000)
  object space 226816K, 28% used [0x0000000080000000,0x0000000083e94a80,0x000000008dd80000)
 Metaspace       used 89158K, capacity 93626K, committed 93824K, reserved 1130496K
  class space    used 12470K, capacity 13390K, committed 13440K, reserved 1048576K
Event: 30.664 GC heap after
Heap after GC invocations=16 (full 3):
 PSYoungGen      total 406528K, used 33263K [0x00000000d5580000, 0x00000000fb300000, 0x0000000100000000)
  eden space 373248K, 0% used [0x00000000d5580000,0x00000000d5580000,0x00000000ec200000)
  from space 33280K, 99% used [0x00000000ec200000,0x00000000ee27bfb8,0x00000000ee280000)
  to   space 51200K, 0% used [0x00000000f8100000,0x00000000f8100000,0x00000000fb300000)
 ParOldGen       total 226816K, used 100164K [0x0000000080000000, 0x000000008dd80000, 0x00000000d5580000)
  object space 226816K, 44% used [0x0000000080000000,0x00000000861d1350,0x000000008dd80000)
 Metaspace       used 89158K, capacity 93626K, committed 93824K, reserved 1130496K
  class space    used 12470K, capacity 13390K, committed 13440K, reserved 1048576K
}
Event: 31.992 GC heap before
{Heap before GC invocations=17 (full 3):
 PSYoungGen      total 406528K, used 406511K [0x00000000d5580000, 0x00000000fb300000, 0x0000000100000000)
  eden space 373248K, 100% used [0x00000000d5580000,0x00000000ec200000,0x00000000ec200000)
  from space 33280K, 99% used [0x00000000ec200000,0x00000000ee27bfb8,0x00000000ee280000)
  to   space 51200K, 0% used [0x00000000f8100000,0x00000000f8100000,0x00000000fb300000)
 ParOldGen       total 226816K, used 100164K [0x0000000080000000, 0x000000008dd80000, 0x00000000d5580000)
  object space 226816K, 44% used [0x0000000080000000,0x00000000861d1350,0x000000008dd80000)
 Metaspace       used 89508K, capacity 93976K, committed 94080K, reserved 1130496K
  class space    used 12512K, capacity 13437K, committed 13440K, reserved 1048576K
Event: 32.074 GC heap after
Heap after GC invocations=17 (full 3):
 PSYoungGen      total 565760K, used 38101K [0x00000000d5580000, 0x00000000fb600000, 0x0000000100000000)
  eden space 514560K, 0% used [0x00000000d5580000,0x00000000d5580000,0x00000000f4c00000)
  from space 51200K, 74% used [0x00000000f8100000,0x00000000fa6355e8,0x00000000fb300000)
  to   space 54272K, 0% used [0x00000000f4c00000,0x00000000f4c00000,0x00000000f8100000)
 ParOldGen       total 226816K, used 128620K [0x0000000080000000, 0x000000008dd80000, 0x00000000d5580000)
  object space 226816K, 56% used [0x0000000080000000,0x0000000087d9b2f0,0x000000008dd80000)
 Metaspace       used 89508K, capacity 93976K, committed 94080K, reserved 1130496K
  class space    used 12512K, capacity 13437K, committed 13440K, reserved 1048576K
}
Event: 33.623 GC heap before
{Heap before GC invocations=18 (full 3):
 PSYoungGen      total 565760K, used 552661K [0x00000000d5580000, 0x00000000fb600000, 0x0000000100000000)
  eden space 514560K, 100% used [0x00000000d5580000,0x00000000f4c00000,0x00000000f4c00000)
  from space 51200K, 74% used [0x00000000f8100000,0x00000000fa6355e8,0x00000000fb300000)
  to   space 54272K, 0% used [0x00000000f4c00000,0x00000000f4c00000,0x00000000f8100000)
 ParOldGen       total 226816K, used 128620K [0x0000000080000000, 0x000000008dd80000, 0x00000000d5580000)
  object space 226816K, 56% used [0x0000000080000000,0x0000000087d9b2f0,0x000000008dd80000)
 Metaspace       used 90136K, capacity 94718K, committed 94976K, reserved 1130496K
  class space    used 12528K, capacity 13470K, committed 13568K, reserved 1048576K

